{
  "RSpec": {
    "coverage": {
      "/home/donanobispacem/ovpd_projects/titlingdb/app/models/title.rb": [
        1,
        1,
        1,
        null,
        1,
        1,
        null,
        1,
        null,
        1,
        null,
        1,
        1,
        null,
        null,
        1,
        1,
        null,
        null,
        1,
        1,
        null,
        null,
        1,
        1,
        3,
        2,
        null,
        null,
        null
      ],
      "/home/donanobispacem/ovpd_projects/titlingdb/app/models/university.rb": [
        1,
        1,
        1,
        null,
        1,
        1,
        null
      ],
      "/home/donanobispacem/ovpd_projects/titlingdb/app/models/step.rb": [
        1,
        1,
        1,
        null,
        1,
        1,
        null
      ]
    },
    "timestamp": 1452580061
  }
}
